<?xml version="1.0" encoding="UTF-8"?>
<testsuite name="com.example.hello.HelloApplicationTests" tests="1" skipped="0" failures="0" errors="0" timestamp="2021-07-12T15:07:49" hostname="BBangi-MacBookAir.local" time="0.339">
  <properties/>
  <testcase name="contextLoads()" classname="com.example.hello.HelloApplicationTests" time="0.339"/>
  <system-out><![CDATA[00:07:45.506 [Test worker] DEBUG org.springframework.test.context.BootstrapUtils - Instantiating CacheAwareContextLoaderDelegate from class [org.springframework.test.context.cache.DefaultCacheAwareContextLoaderDelegate]
00:07:45.515 [Test worker] DEBUG org.springframework.test.context.BootstrapUtils - Instantiating BootstrapContext using constructor [public org.springframework.test.context.support.DefaultBootstrapContext(java.lang.Class,org.springframework.test.context.CacheAwareContextLoaderDelegate)]
00:07:45.571 [Test worker] DEBUG org.springframework.test.context.BootstrapUtils - Instantiating TestContextBootstrapper for test class [com.example.hello.HelloApplicationTests] from class [org.springframework.boot.test.context.SpringBootTestContextBootstrapper]
00:07:45.589 [Test worker] INFO org.springframework.boot.test.context.SpringBootTestContextBootstrapper - Neither @ContextConfiguration nor @ContextHierarchy found for test class [com.example.hello.HelloApplicationTests], using SpringBootContextLoader
00:07:45.592 [Test worker] DEBUG org.springframework.test.context.support.AbstractContextLoader - Did not detect default resource location for test class [com.example.hello.HelloApplicationTests]: class path resource [com/example/hello/HelloApplicationTests-context.xml] does not exist
00:07:45.593 [Test worker] DEBUG org.springframework.test.context.support.AbstractContextLoader - Did not detect default resource location for test class [com.example.hello.HelloApplicationTests]: class path resource [com/example/hello/HelloApplicationTestsContext.groovy] does not exist
00:07:45.593 [Test worker] INFO org.springframework.test.context.support.AbstractContextLoader - Could not detect default resource locations for test class [com.example.hello.HelloApplicationTests]: no resource found for suffixes {-context.xml, Context.groovy}.
00:07:45.593 [Test worker] INFO org.springframework.test.context.support.AnnotationConfigContextLoaderUtils - Could not detect default configuration classes for test class [com.example.hello.HelloApplicationTests]: HelloApplicationTests does not declare any static, non-private, non-final, nested classes annotated with @Configuration.
00:07:45.669 [Test worker] DEBUG org.springframework.test.context.support.ActiveProfilesUtils - Could not find an 'annotation declaring class' for annotation type [org.springframework.test.context.ActiveProfiles] and class [com.example.hello.HelloApplicationTests]
00:07:45.774 [Test worker] DEBUG org.springframework.context.annotation.ClassPathScanningCandidateComponentProvider - Identified candidate component class: file [/Users/bangjinhyuk/Documents/개발/Git/Spring-Boot-Study/hello/build/classes/java/main/com/example/hello/HelloApplication.class]
00:07:45.776 [Test worker] INFO org.springframework.boot.test.context.SpringBootTestContextBootstrapper - Found @SpringBootConfiguration com.example.hello.HelloApplication for test class com.example.hello.HelloApplicationTests
00:07:45.924 [Test worker] DEBUG org.springframework.boot.test.context.SpringBootTestContextBootstrapper - @TestExecutionListeners is not present for class [com.example.hello.HelloApplicationTests]: using defaults.
00:07:45.926 [Test worker] INFO org.springframework.boot.test.context.SpringBootTestContextBootstrapper - Loaded default TestExecutionListener class names from location [META-INF/spring.factories]: [org.springframework.boot.test.autoconfigure.restdocs.RestDocsTestExecutionListener, org.springframework.boot.test.autoconfigure.web.client.MockRestServiceServerResetTestExecutionListener, org.springframework.boot.test.autoconfigure.web.servlet.MockMvcPrintOnlyOnFailureTestExecutionListener, org.springframework.boot.test.autoconfigure.web.servlet.WebDriverTestExecutionListener, org.springframework.boot.test.autoconfigure.webservices.client.MockWebServiceServerTestExecutionListener, org.springframework.boot.test.mock.mockito.MockitoTestExecutionListener, org.springframework.boot.test.mock.mockito.ResetMocksTestExecutionListener, org.springframework.test.context.web.ServletTestExecutionListener, org.springframework.test.context.support.DirtiesContextBeforeModesTestExecutionListener, org.springframework.test.context.event.ApplicationEventsTestExecutionListener, org.springframework.test.context.support.DependencyInjectionTestExecutionListener, org.springframework.test.context.support.DirtiesContextTestExecutionListener, org.springframework.test.context.transaction.TransactionalTestExecutionListener, org.springframework.test.context.jdbc.SqlScriptsTestExecutionListener, org.springframework.test.context.event.EventPublishingTestExecutionListener]
00:07:45.945 [Test worker] DEBUG org.springframework.boot.test.context.SpringBootTestContextBootstrapper - Skipping candidate TestExecutionListener [org.springframework.test.context.transaction.TransactionalTestExecutionListener] due to a missing dependency. Specify custom listener classes or make the default listener classes and their required dependencies available. Offending class: [org/springframework/transaction/TransactionDefinition]
00:07:45.946 [Test worker] DEBUG org.springframework.boot.test.context.SpringBootTestContextBootstrapper - Skipping candidate TestExecutionListener [org.springframework.test.context.jdbc.SqlScriptsTestExecutionListener] due to a missing dependency. Specify custom listener classes or make the default listener classes and their required dependencies available. Offending class: [org/springframework/transaction/interceptor/TransactionAttribute]
00:07:45.947 [Test worker] INFO org.springframework.boot.test.context.SpringBootTestContextBootstrapper - Using TestExecutionListeners: [org.springframework.test.context.web.ServletTestExecutionListener@42402a54, org.springframework.test.context.support.DirtiesContextBeforeModesTestExecutionListener@1c94dc9b, org.springframework.test.context.event.ApplicationEventsTestExecutionListener@e7c6d86, org.springframework.boot.test.mock.mockito.MockitoTestExecutionListener@622e886a, org.springframework.boot.test.autoconfigure.SpringBootDependencyInjectionTestExecutionListener@217f0cf1, org.springframework.test.context.support.DirtiesContextTestExecutionListener@1bb56c41, org.springframework.test.context.event.EventPublishingTestExecutionListener@764822ec, org.springframework.boot.test.autoconfigure.restdocs.RestDocsTestExecutionListener@60b38997, org.springframework.boot.test.autoconfigure.web.client.MockRestServiceServerResetTestExecutionListener@39f219f4, org.springframework.boot.test.autoconfigure.web.servlet.MockMvcPrintOnlyOnFailureTestExecutionListener@995adef, org.springframework.boot.test.autoconfigure.web.servlet.WebDriverTestExecutionListener@3e7da173, org.springframework.boot.test.autoconfigure.webservices.client.MockWebServiceServerTestExecutionListener@427e681a, org.springframework.boot.test.mock.mockito.ResetMocksTestExecutionListener@6beaf418]
00:07:45.959 [Test worker] DEBUG org.springframework.test.context.support.AbstractDirtiesContextTestExecutionListener - Before test class: context [DefaultTestContext@1ce50cf4 testClass = HelloApplicationTests, testInstance = [null], testMethod = [null], testException = [null], mergedContextConfiguration = [WebMergedContextConfiguration@7c9f1625 testClass = HelloApplicationTests, locations = '{}', classes = '{class com.example.hello.HelloApplication}', contextInitializerClasses = '[]', activeProfiles = '{}', propertySourceLocations = '{}', propertySourceProperties = '{org.springframework.boot.test.context.SpringBootTestContextBootstrapper=true}', contextCustomizers = set[org.springframework.boot.test.autoconfigure.actuate.metrics.MetricsExportContextCustomizerFactory$DisableMetricExportContextCustomizer@31b7d645, org.springframework.boot.test.autoconfigure.properties.PropertyMappingContextCustomizer@0, org.springframework.boot.test.autoconfigure.web.servlet.WebDriverContextCustomizerFactory$Customizer@70194aa9, org.springframework.boot.test.context.filter.ExcludeFilterContextCustomizer@7c76c2ce, org.springframework.boot.test.json.DuplicateJsonObjectContextCustomizerFactory$DuplicateJsonObjectContextCustomizer@76ef0776, org.springframework.boot.test.mock.mockito.MockitoContextCustomizer@0, org.springframework.boot.test.web.client.TestRestTemplateContextCustomizer@1ad7ff5, org.springframework.boot.test.context.SpringBootTestArgs@1, org.springframework.boot.test.context.SpringBootTestWebEnvironment@14a970d9], resourceBasePath = 'src/main/webapp', contextLoader = 'org.springframework.boot.test.context.SpringBootContextLoader', parent = [null]], attributes = map['org.springframework.test.context.web.ServletTestExecutionListener.activateListener' -> true]], class annotated with @DirtiesContext [false] with mode [null].
00:07:46.020 [Test worker] DEBUG org.springframework.test.context.support.TestPropertySourceUtils - Adding inlined properties to environment: {spring.jmx.enabled=false, org.springframework.boot.test.context.SpringBootTestContextBootstrapper=true}

  .   ____          _            __ _ _
 /\\ / ___'_ __ _ _(_)_ __  __ _ \ \ \ \
( ( )\___ | '_ | '_| | '_ \/ _` | \ \ \ \
 \\/  ___)| |_)| | | | | || (_| |  ) ) ) )
  '  |____| .__|_| |_|_| |_\__, | / / / /
 =========|_|==============|___/=/_/_/_/
 :: Spring Boot ::                (v2.5.2)

2021-07-13 00:07:46.540  INFO 26093 --- [    Test worker] com.example.hello.HelloApplicationTests  : Starting HelloApplicationTests using Java 1.8.0_291 on BBangi-MacBookAir.local with PID 26093 (started by bangjinhyuk in /Users/bangjinhyuk/Documents/개발/Git/Spring-Boot-Study/hello)
2021-07-13 00:07:46.560  INFO 26093 --- [    Test worker] com.example.hello.HelloApplicationTests  : No active profile set, falling back to default profiles: default
2021-07-13 00:07:49.854  INFO 26093 --- [    Test worker] com.example.hello.HelloApplicationTests  : Started HelloApplicationTests in 3.825 seconds (JVM running for 5.44)
-------
{"name":"123","age":19}
userRequest{name='123', email='null', age=19}
]]></system-out>
  <system-err><![CDATA[]]></system-err>
</testsuite>
